<?xml version="1.0" encoding="UTF-8"?>
<!-- Generated by org.testng.reporters.JUnitReportReporter -->
<testsuite hostname="acer" failures="0" tests="4" name="Testcases.firstTest" time="79.076" errors="0" timestamp="2023-01-27T21:17:01 IST" skipped="0">
  <testcase classname="Testcases.firstTest" name="verifydataxl" time="19.135"/>
  <system-out/>
  <testcase classname="Testcases.firstTest" name="verifydataxl" time="15.200"/>
  <system-out/>
  <testcase classname="Testcases.firstTest" name="verifydataxl" time="26.862"/>
  <system-out/>
  <testcase classname="Testcases.firstTest" name="verifydataxl" time="17.879"/>
  <system-out/>
</testsuite> <!-- Testcases.firstTest -->
